2021-09-09 18:16:12,856 - tensorflow - WARNING - From C:\Users\Admin\AppData\Local\Programs\Python\Python37\lib\site-packages\tensorflow\python\ops\math_grad.py:1250: add_dispatch_support.<locals>.wrapper (from tensorflow.python.ops.array_ops) is deprecated and will be removed in a future version.
Instructions for updating:
Use tf.where in 2.0, which has the same broadcast rule as np.where
2021-09-09 18:16:13,619 - tensorflow - WARNING - From C:\Users\Admin\AppData\Local\Programs\Python\Python37\lib\site-packages\keras\backend\tensorflow_backend.py:422: The name tf.global_variables is deprecated. Please use tf.compat.v1.global_variables instead.

2021-09-09 18:21:52,638 - pyswarms.discrete.binary - INFO - Optimize for 2 iters with {'c1': 0.5, 'c2': 0.5, 'w': 0.9, 'k': 5, 'p': 2}
2021-09-09 18:24:49,622 - pyswarms.discrete.binary - INFO - Optimization finished | best cost: -0.04740339029081311, best pos: [1 0 1 ... 1 1 1]
2021-09-09 18:28:49,579 - tensorflow - WARNING - From C:\Users\Admin\AppData\Local\Programs\Python\Python37\lib\site-packages\tensorflow\python\ops\math_grad.py:1250: add_dispatch_support.<locals>.wrapper (from tensorflow.python.ops.array_ops) is deprecated and will be removed in a future version.
Instructions for updating:
Use tf.where in 2.0, which has the same broadcast rule as np.where
2021-09-09 18:28:50,621 - tensorflow - WARNING - From C:\Users\Admin\AppData\Local\Programs\Python\Python37\lib\site-packages\keras\backend\tensorflow_backend.py:422: The name tf.global_variables is deprecated. Please use tf.compat.v1.global_variables instead.

2021-09-09 18:37:46,153 - pyswarms.discrete.binary - INFO - Optimize for 2 iters with {'c1': 0.5, 'c2': 0.5, 'w': 0.9, 'k': 5, 'p': 2}
2021-09-09 18:40:51,654 - pyswarms.discrete.binary - INFO - Optimization finished | best cost: -0.042502437321842085, best pos: [1 0 1 ... 1 1 0]
2021-09-09 18:46:04,720 - tensorflow - WARNING - From C:\Users\Admin\AppData\Local\Programs\Python\Python37\lib\site-packages\tensorflow\python\ops\math_grad.py:1250: add_dispatch_support.<locals>.wrapper (from tensorflow.python.ops.array_ops) is deprecated and will be removed in a future version.
Instructions for updating:
Use tf.where in 2.0, which has the same broadcast rule as np.where
2021-09-09 18:46:05,560 - tensorflow - WARNING - From C:\Users\Admin\AppData\Local\Programs\Python\Python37\lib\site-packages\keras\backend\tensorflow_backend.py:422: The name tf.global_variables is deprecated. Please use tf.compat.v1.global_variables instead.

2021-09-09 18:58:13,426 - pyswarms.discrete.binary - INFO - Optimize for 2 iters with {'c1': 0.5, 'c2': 0.5, 'w': 0.9, 'k': 5, 'p': 2}
2021-09-09 19:01:38,759 - pyswarms.discrete.binary - INFO - Optimization finished | best cost: -0.0068041751137505255, best pos: [1 1 1 ... 1 1 1]
2021-09-09 19:06:10,642 - tensorflow - WARNING - From C:\Users\Admin\AppData\Local\Programs\Python\Python37\lib\site-packages\tensorflow\python\ops\math_grad.py:1250: add_dispatch_support.<locals>.wrapper (from tensorflow.python.ops.array_ops) is deprecated and will be removed in a future version.
Instructions for updating:
Use tf.where in 2.0, which has the same broadcast rule as np.where
2021-09-09 19:06:11,660 - tensorflow - WARNING - From C:\Users\Admin\AppData\Local\Programs\Python\Python37\lib\site-packages\keras\backend\tensorflow_backend.py:422: The name tf.global_variables is deprecated. Please use tf.compat.v1.global_variables instead.

2021-09-09 19:19:27,688 - pyswarms.discrete.binary - INFO - Optimize for 2 iters with {'c1': 0.5, 'c2': 0.5, 'w': 0.9, 'k': 5, 'p': 2}
2021-09-09 19:24:22,746 - pyswarms.discrete.binary - INFO - Optimization finished | best cost: -0.041997214186220946, best pos: [1 0 0 ... 1 0 1]
2021-09-22 17:23:49,039 - tensorflow - WARNING - From C:\Users\Venkat\AppData\Local\Programs\Python\Python37\lib\site-packages\tensorflow\python\ops\math_grad.py:1250: add_dispatch_support.<locals>.wrapper (from tensorflow.python.ops.array_ops) is deprecated and will be removed in a future version.
Instructions for updating:
Use tf.where in 2.0, which has the same broadcast rule as np.where
2021-09-22 17:23:52,329 - tensorflow - WARNING - From C:\Users\Venkat\AppData\Local\Programs\Python\Python37\lib\site-packages\keras\backend\tensorflow_backend.py:422: The name tf.global_variables is deprecated. Please use tf.compat.v1.global_variables instead.

2021-11-22 01:36:52,222 - tensorflow - WARNING - From C:\Users\Lenovo\AppData\Local\Programs\Python\Python37\lib\site-packages\keras\backend\tensorflow_backend.py:74: The name tf.get_default_graph is deprecated. Please use tf.compat.v1.get_default_graph instead.

2021-11-22 01:36:55,884 - tensorflow - WARNING - From C:\Users\Lenovo\AppData\Local\Programs\Python\Python37\lib\site-packages\keras\backend\tensorflow_backend.py:517: The name tf.placeholder is deprecated. Please use tf.compat.v1.placeholder instead.

2021-11-22 01:36:56,200 - tensorflow - WARNING - From C:\Users\Lenovo\AppData\Local\Programs\Python\Python37\lib\site-packages\keras\backend\tensorflow_backend.py:4138: The name tf.random_uniform is deprecated. Please use tf.random.uniform instead.

2021-11-22 01:36:56,920 - tensorflow - WARNING - From C:\Users\Lenovo\AppData\Local\Programs\Python\Python37\lib\site-packages\keras\backend\tensorflow_backend.py:133: The name tf.placeholder_with_default is deprecated. Please use tf.compat.v1.placeholder_with_default instead.

2021-11-22 01:36:56,939 - tensorflow - WARNING - From C:\Users\Lenovo\AppData\Local\Programs\Python\Python37\lib\site-packages\keras\backend\tensorflow_backend.py:3445: calling dropout (from tensorflow.python.ops.nn_ops) with keep_prob is deprecated and will be removed in a future version.
Instructions for updating:
Please use `rate` instead of `keep_prob`. Rate should be set to `rate = 1 - keep_prob`.
2021-11-22 01:36:57,032 - tensorflow - WARNING - From C:\Users\Lenovo\AppData\Local\Programs\Python\Python37\lib\site-packages\keras\optimizers.py:790: The name tf.train.Optimizer is deprecated. Please use tf.compat.v1.train.Optimizer instead.

2021-11-22 01:36:57,070 - tensorflow - WARNING - From C:\Users\Lenovo\AppData\Local\Programs\Python\Python37\lib\site-packages\keras\backend\tensorflow_backend.py:3376: The name tf.log is deprecated. Please use tf.math.log instead.

2021-11-22 01:36:57,082 - tensorflow - WARNING - From C:\Users\Lenovo\AppData\Local\Programs\Python\Python37\lib\site-packages\tensorflow\python\ops\nn_impl.py:180: add_dispatch_support.<locals>.wrapper (from tensorflow.python.ops.array_ops) is deprecated and will be removed in a future version.
Instructions for updating:
Use tf.where in 2.0, which has the same broadcast rule as np.where
2021-11-22 09:24:26,575 - tensorflow - WARNING - From C:\Users\Lenovo\AppData\Local\Programs\Python\Python37\lib\site-packages\keras\backend\tensorflow_backend.py:74: The name tf.get_default_graph is deprecated. Please use tf.compat.v1.get_default_graph instead.

2021-11-22 09:24:37,430 - tensorflow - WARNING - From C:\Users\Lenovo\AppData\Local\Programs\Python\Python37\lib\site-packages\keras\backend\tensorflow_backend.py:517: The name tf.placeholder is deprecated. Please use tf.compat.v1.placeholder instead.

2021-11-22 09:24:37,745 - tensorflow - WARNING - From C:\Users\Lenovo\AppData\Local\Programs\Python\Python37\lib\site-packages\keras\backend\tensorflow_backend.py:4138: The name tf.random_uniform is deprecated. Please use tf.random.uniform instead.

2021-11-22 09:24:38,601 - tensorflow - WARNING - From C:\Users\Lenovo\AppData\Local\Programs\Python\Python37\lib\site-packages\keras\backend\tensorflow_backend.py:133: The name tf.placeholder_with_default is deprecated. Please use tf.compat.v1.placeholder_with_default instead.

2021-11-22 09:24:38,615 - tensorflow - WARNING - From C:\Users\Lenovo\AppData\Local\Programs\Python\Python37\lib\site-packages\keras\backend\tensorflow_backend.py:3445: calling dropout (from tensorflow.python.ops.nn_ops) with keep_prob is deprecated and will be removed in a future version.
Instructions for updating:
Please use `rate` instead of `keep_prob`. Rate should be set to `rate = 1 - keep_prob`.
2021-11-22 09:24:38,789 - tensorflow - WARNING - From C:\Users\Lenovo\AppData\Local\Programs\Python\Python37\lib\site-packages\keras\optimizers.py:790: The name tf.train.Optimizer is deprecated. Please use tf.compat.v1.train.Optimizer instead.

2021-11-22 09:24:38,849 - tensorflow - WARNING - From C:\Users\Lenovo\AppData\Local\Programs\Python\Python37\lib\site-packages\keras\backend\tensorflow_backend.py:3376: The name tf.log is deprecated. Please use tf.math.log instead.

2021-11-22 09:24:38,870 - tensorflow - WARNING - From C:\Users\Lenovo\AppData\Local\Programs\Python\Python37\lib\site-packages\tensorflow\python\ops\nn_impl.py:180: add_dispatch_support.<locals>.wrapper (from tensorflow.python.ops.array_ops) is deprecated and will be removed in a future version.
Instructions for updating:
Use tf.where in 2.0, which has the same broadcast rule as np.where
2021-12-10 16:48:55,277 - tensorflow - WARNING - From C:\Users\Lenovo\AppData\Local\Programs\Python\Python37\lib\site-packages\keras\backend\tensorflow_backend.py:74: The name tf.get_default_graph is deprecated. Please use tf.compat.v1.get_default_graph instead.

2021-12-10 16:49:01,769 - tensorflow - WARNING - From C:\Users\Lenovo\AppData\Local\Programs\Python\Python37\lib\site-packages\keras\backend\tensorflow_backend.py:517: The name tf.placeholder is deprecated. Please use tf.compat.v1.placeholder instead.

2021-12-10 16:49:02,561 - tensorflow - WARNING - From C:\Users\Lenovo\AppData\Local\Programs\Python\Python37\lib\site-packages\keras\backend\tensorflow_backend.py:4138: The name tf.random_uniform is deprecated. Please use tf.random.uniform instead.

2021-12-10 16:49:04,430 - tensorflow - WARNING - From C:\Users\Lenovo\AppData\Local\Programs\Python\Python37\lib\site-packages\keras\backend\tensorflow_backend.py:133: The name tf.placeholder_with_default is deprecated. Please use tf.compat.v1.placeholder_with_default instead.

2021-12-10 16:49:04,475 - tensorflow - WARNING - From C:\Users\Lenovo\AppData\Local\Programs\Python\Python37\lib\site-packages\keras\backend\tensorflow_backend.py:3445: calling dropout (from tensorflow.python.ops.nn_ops) with keep_prob is deprecated and will be removed in a future version.
Instructions for updating:
Please use `rate` instead of `keep_prob`. Rate should be set to `rate = 1 - keep_prob`.
2021-12-10 16:49:04,549 - tensorflow - WARNING - From C:\Users\Lenovo\AppData\Local\Programs\Python\Python37\lib\site-packages\keras\optimizers.py:790: The name tf.train.Optimizer is deprecated. Please use tf.compat.v1.train.Optimizer instead.

2021-12-10 16:49:04,606 - tensorflow - WARNING - From C:\Users\Lenovo\AppData\Local\Programs\Python\Python37\lib\site-packages\keras\backend\tensorflow_backend.py:3376: The name tf.log is deprecated. Please use tf.math.log instead.

2021-12-10 16:49:04,621 - tensorflow - WARNING - From C:\Users\Lenovo\AppData\Local\Programs\Python\Python37\lib\site-packages\tensorflow\python\ops\nn_impl.py:180: add_dispatch_support.<locals>.wrapper (from tensorflow.python.ops.array_ops) is deprecated and will be removed in a future version.
Instructions for updating:
Use tf.where in 2.0, which has the same broadcast rule as np.where
2023-04-10 21:22:50,962 - tensorflow - WARNING - From C:\Users\iamay\AppData\Local\Programs\Python\Python37\lib\site-packages\tensorflow\python\ops\math_grad.py:1250: add_dispatch_support.<locals>.wrapper (from tensorflow.python.ops.array_ops) is deprecated and will be removed in a future version.
Instructions for updating:
Use tf.where in 2.0, which has the same broadcast rule as np.where
2023-04-10 21:22:51,923 - tensorflow - WARNING - From C:\Users\iamay\AppData\Local\Programs\Python\Python37\lib\site-packages\keras\backend\tensorflow_backend.py:422: The name tf.global_variables is deprecated. Please use tf.compat.v1.global_variables instead.

2023-04-10 21:43:23,044 - tensorflow - WARNING - From C:\Users\iamay\AppData\Local\Programs\Python\Python37\lib\site-packages\tensorflow\python\ops\math_grad.py:1250: add_dispatch_support.<locals>.wrapper (from tensorflow.python.ops.array_ops) is deprecated and will be removed in a future version.
Instructions for updating:
Use tf.where in 2.0, which has the same broadcast rule as np.where
2023-04-10 21:43:24,097 - tensorflow - WARNING - From C:\Users\iamay\AppData\Local\Programs\Python\Python37\lib\site-packages\keras\backend\tensorflow_backend.py:422: The name tf.global_variables is deprecated. Please use tf.compat.v1.global_variables instead.

2023-05-04 10:08:01,814 - tensorflow - WARNING - From C:\Users\iamay\AppData\Local\Programs\Python\Python37\lib\site-packages\tensorflow\python\ops\math_grad.py:1250: add_dispatch_support.<locals>.wrapper (from tensorflow.python.ops.array_ops) is deprecated and will be removed in a future version.
Instructions for updating:
Use tf.where in 2.0, which has the same broadcast rule as np.where
2023-05-04 10:08:03,049 - tensorflow - WARNING - From C:\Users\iamay\AppData\Local\Programs\Python\Python37\lib\site-packages\keras\backend\tensorflow_backend.py:422: The name tf.global_variables is deprecated. Please use tf.compat.v1.global_variables instead.

2024-05-07 10:54:37,666 - tensorflow - WARNING - From C:\Users\vamsi\AppData\Local\Programs\Python\Python37\lib\site-packages\tensorflow\python\ops\math_grad.py:1250: add_dispatch_support.<locals>.wrapper (from tensorflow.python.ops.array_ops) is deprecated and will be removed in a future version.
Instructions for updating:
Use tf.where in 2.0, which has the same broadcast rule as np.where
2024-05-07 10:54:38,091 - tensorflow - WARNING - From C:\Users\vamsi\AppData\Local\Programs\Python\Python37\lib\site-packages\keras\backend\tensorflow_backend.py:422: The name tf.global_variables is deprecated. Please use tf.compat.v1.global_variables instead.

2024-05-07 11:16:02,278 - tensorflow - WARNING - From C:\Users\vamsi\AppData\Local\Programs\Python\Python37\lib\site-packages\tensorflow\python\ops\math_grad.py:1250: add_dispatch_support.<locals>.wrapper (from tensorflow.python.ops.array_ops) is deprecated and will be removed in a future version.
Instructions for updating:
Use tf.where in 2.0, which has the same broadcast rule as np.where
2024-05-07 11:16:02,591 - tensorflow - WARNING - From C:\Users\vamsi\AppData\Local\Programs\Python\Python37\lib\site-packages\keras\backend\tensorflow_backend.py:422: The name tf.global_variables is deprecated. Please use tf.compat.v1.global_variables instead.

2024-05-07 11:19:00,047 - tensorflow - WARNING - From C:\Users\vamsi\AppData\Local\Programs\Python\Python37\lib\site-packages\tensorflow\python\ops\math_grad.py:1250: add_dispatch_support.<locals>.wrapper (from tensorflow.python.ops.array_ops) is deprecated and will be removed in a future version.
Instructions for updating:
Use tf.where in 2.0, which has the same broadcast rule as np.where
2024-05-07 11:19:00,392 - tensorflow - WARNING - From C:\Users\vamsi\AppData\Local\Programs\Python\Python37\lib\site-packages\keras\backend\tensorflow_backend.py:422: The name tf.global_variables is deprecated. Please use tf.compat.v1.global_variables instead.

2024-05-07 11:32:10,898 - pyswarms.discrete.binary - INFO - Optimize for 2 iters with {'c1': 0.5, 'c2': 0.5, 'w': 0.9, 'k': 5, 'p': 2}
2024-05-07 11:33:20,047 - pyswarms.discrete.binary - INFO - Optimization finished | best cost: -0.04616464732297726, best pos: [0 1 0 ... 0 0 1]
2024-05-07 11:37:22,145 - pyswarms.discrete.binary - INFO - Optimize for 2 iters with {'c1': 0.5, 'c2': 0.5, 'w': 0.9, 'k': 5, 'p': 2}
2024-05-07 11:49:36,110 - pyswarms.discrete.binary - INFO - Optimization finished | best cost: -0.05246381147275768, best pos: [0 1 1 ... 1 1 1]
2024-06-28 18:46:54,621 - tensorflow - WARNING - From C:\Users\vamsi\AppData\Local\Programs\Python\Python37\lib\site-packages\tensorflow\python\ops\math_grad.py:1250: add_dispatch_support.<locals>.wrapper (from tensorflow.python.ops.array_ops) is deprecated and will be removed in a future version.
Instructions for updating:
Use tf.where in 2.0, which has the same broadcast rule as np.where
2024-06-28 18:46:54,965 - tensorflow - WARNING - From C:\Users\vamsi\AppData\Local\Programs\Python\Python37\lib\site-packages\keras\backend\tensorflow_backend.py:422: The name tf.global_variables is deprecated. Please use tf.compat.v1.global_variables instead.

2024-06-28 18:56:48,782 - pyswarms.discrete.binary - INFO - Optimize for 2 iters with {'c1': 0.5, 'c2': 0.5, 'w': 0.9, 'k': 5, 'p': 2}
2024-06-28 18:58:18,487 - pyswarms.discrete.binary - INFO - Optimization finished | best cost: -0.032345695514585236, best pos: [1 0 1 ... 1 1 0]
2024-07-12 07:41:02,003 - tensorflow - WARNING - From C:\Users\vamsi\AppData\Local\Programs\Python\Python37\lib\site-packages\tensorflow\python\ops\math_grad.py:1250: add_dispatch_support.<locals>.wrapper (from tensorflow.python.ops.array_ops) is deprecated and will be removed in a future version.
Instructions for updating:
Use tf.where in 2.0, which has the same broadcast rule as np.where
2024-07-12 07:41:02,363 - tensorflow - WARNING - From C:\Users\vamsi\AppData\Local\Programs\Python\Python37\lib\site-packages\keras\backend\tensorflow_backend.py:422: The name tf.global_variables is deprecated. Please use tf.compat.v1.global_variables instead.

2024-07-12 08:14:09,365 - pyswarms.discrete.binary - INFO - Optimize for 2 iters with {'c1': 0.5, 'c2': 0.5, 'w': 0.9, 'k': 5, 'p': 2}
2024-07-12 08:15:16,669 - pyswarms.discrete.binary - INFO - Optimization finished | best cost: -0.037696282646586726, best pos: [1 0 0 ... 1 1 1]
2024-10-06 18:54:50,244 - tensorflow - WARNING - From C:\Users\vamsi\AppData\Local\Programs\Python\Python37\lib\site-packages\tensorflow\python\ops\math_grad.py:1250: add_dispatch_support.<locals>.wrapper (from tensorflow.python.ops.array_ops) is deprecated and will be removed in a future version.
Instructions for updating:
Use tf.where in 2.0, which has the same broadcast rule as np.where
2024-10-06 18:54:50,815 - tensorflow - WARNING - From C:\Users\vamsi\AppData\Local\Programs\Python\Python37\lib\site-packages\keras\backend\tensorflow_backend.py:422: The name tf.global_variables is deprecated. Please use tf.compat.v1.global_variables instead.

2024-10-06 19:17:19,373 - tensorflow - WARNING - From C:\Users\vamsi\AppData\Local\Programs\Python\Python37\lib\site-packages\tensorflow\python\ops\math_grad.py:1250: add_dispatch_support.<locals>.wrapper (from tensorflow.python.ops.array_ops) is deprecated and will be removed in a future version.
Instructions for updating:
Use tf.where in 2.0, which has the same broadcast rule as np.where
2024-10-06 19:17:19,813 - tensorflow - WARNING - From C:\Users\vamsi\AppData\Local\Programs\Python\Python37\lib\site-packages\keras\backend\tensorflow_backend.py:422: The name tf.global_variables is deprecated. Please use tf.compat.v1.global_variables instead.

2025-01-27 20:28:05,072 - tensorflow - WARNING - From C:\Users\vamsi\AppData\Local\Programs\Python\Python37\lib\site-packages\tensorflow\python\ops\math_grad.py:1250: add_dispatch_support.<locals>.wrapper (from tensorflow.python.ops.array_ops) is deprecated and will be removed in a future version.
Instructions for updating:
Use tf.where in 2.0, which has the same broadcast rule as np.where
2025-01-27 20:28:05,374 - tensorflow - WARNING - From C:\Users\vamsi\AppData\Local\Programs\Python\Python37\lib\site-packages\keras\backend\tensorflow_backend.py:422: The name tf.global_variables is deprecated. Please use tf.compat.v1.global_variables instead.

2025-01-27 20:39:59,573 - tensorflow - WARNING - From C:\Users\vamsi\AppData\Local\Programs\Python\Python37\lib\site-packages\tensorflow\python\ops\math_grad.py:1250: add_dispatch_support.<locals>.wrapper (from tensorflow.python.ops.array_ops) is deprecated and will be removed in a future version.
Instructions for updating:
Use tf.where in 2.0, which has the same broadcast rule as np.where
2025-01-27 20:39:59,877 - tensorflow - WARNING - From C:\Users\vamsi\AppData\Local\Programs\Python\Python37\lib\site-packages\keras\backend\tensorflow_backend.py:422: The name tf.global_variables is deprecated. Please use tf.compat.v1.global_variables instead.

2025-01-27 20:52:06,621 - pyswarms.discrete.binary - INFO - Optimize for 2 iters with {'c1': 0.5, 'c2': 0.5, 'w': 0.9, 'k': 5, 'p': 2}
2025-01-27 20:53:18,812 - pyswarms.discrete.binary - INFO - Optimization finished | best cost: -0.04442399109727757, best pos: [1 1 0 ... 1 1 1]
2025-01-28 19:49:18,641 - tensorflow - WARNING - From C:\Users\vamsi\AppData\Local\Programs\Python\Python37\lib\site-packages\tensorflow\python\ops\math_grad.py:1250: add_dispatch_support.<locals>.wrapper (from tensorflow.python.ops.array_ops) is deprecated and will be removed in a future version.
Instructions for updating:
Use tf.where in 2.0, which has the same broadcast rule as np.where
2025-01-28 19:49:18,989 - tensorflow - WARNING - From C:\Users\vamsi\AppData\Local\Programs\Python\Python37\lib\site-packages\keras\backend\tensorflow_backend.py:422: The name tf.global_variables is deprecated. Please use tf.compat.v1.global_variables instead.

2025-01-28 20:10:03,091 - pyswarms.discrete.binary - INFO - Optimize for 2 iters with {'c1': 0.5, 'c2': 0.5, 'w': 0.9, 'k': 5, 'p': 2}
2025-01-28 20:11:10,285 - pyswarms.discrete.binary - INFO - Optimization finished | best cost: -0.052633379056324155, best pos: [1 1 1 ... 0 0 0]
